C:\Program Files (x86)\Microsoft Visual Studio\2019\Professional\MSBuild\Microsoft\VC\v160\Microsoft.CppBuild.targets(452,5): warning MSB8028: The intermediate directory (Release\) contains files shared from another project (openGLBase.vcxproj).  This can lead to incorrect clean and rebuild behavior.
  Terrain.cpp
D:\Users\MDS00001xo\Documents\GitHub\try2\OpenGL3DBase2\openGL3DBase\Particle.h(79,8): warning C4018: '<': signed/unsigned mismatch
D:\Users\MDS00001xo\Documents\GitHub\try2\OpenGL3DBase2\openGL3DBase\Particle.h(85,9): warning C4018: '<': signed/unsigned mismatch
D:\Users\MDS00001xo\Documents\GitHub\try2\OpenGL3DBase2\openGL3DBase\Particle.h(832,1): warning C4244: '-=': conversion from 'double' to 'T', possible loss of data
D:\Users\MDS00001xo\Documents\GitHub\try2\OpenGL3DBase2\openGL3DBase\Particle.h(832,1): warning C4244:         with
D:\Users\MDS00001xo\Documents\GitHub\try2\OpenGL3DBase2\openGL3DBase\Particle.h(832,1): warning C4244:         [
D:\Users\MDS00001xo\Documents\GitHub\try2\OpenGL3DBase2\openGL3DBase\Particle.h(832,1): warning C4244:             T=float
D:\Users\MDS00001xo\Documents\GitHub\try2\OpenGL3DBase2\openGL3DBase\Particle.h(832,1): warning C4244:         ]
D:\Users\MDS00001xo\Documents\GitHub\try2\OpenGL3DBase2\openGL3DBase\Particle.h(844,1): warning C4244: '-=': conversion from 'double' to 'T', possible loss of data
D:\Users\MDS00001xo\Documents\GitHub\try2\OpenGL3DBase2\openGL3DBase\Particle.h(844,1): warning C4244:         with
D:\Users\MDS00001xo\Documents\GitHub\try2\OpenGL3DBase2\openGL3DBase\Particle.h(844,1): warning C4244:         [
D:\Users\MDS00001xo\Documents\GitHub\try2\OpenGL3DBase2\openGL3DBase\Particle.h(844,1): warning C4244:             T=float
D:\Users\MDS00001xo\Documents\GitHub\try2\OpenGL3DBase2\openGL3DBase\Particle.h(844,1): warning C4244:         ]
D:\Users\MDS00001xo\Documents\GitHub\try2\OpenGL3DBase2\openGL3DBase\Particle.h(855,1): warning C4244: '-=': conversion from 'double' to 'T', possible loss of data
D:\Users\MDS00001xo\Documents\GitHub\try2\OpenGL3DBase2\openGL3DBase\Particle.h(855,1): warning C4244:         with
D:\Users\MDS00001xo\Documents\GitHub\try2\OpenGL3DBase2\openGL3DBase\Particle.h(855,1): warning C4244:         [
D:\Users\MDS00001xo\Documents\GitHub\try2\OpenGL3DBase2\openGL3DBase\Particle.h(855,1): warning C4244:             T=float
D:\Users\MDS00001xo\Documents\GitHub\try2\OpenGL3DBase2\openGL3DBase\Particle.h(855,1): warning C4244:         ]
D:\Users\MDS00001xo\Documents\GitHub\try2\OpenGL3DBase2\openGL3DBase\Particle.h(864,1): warning C4244: '-=': conversion from 'double' to 'T', possible loss of data
D:\Users\MDS00001xo\Documents\GitHub\try2\OpenGL3DBase2\openGL3DBase\Particle.h(864,1): warning C4244:         with
D:\Users\MDS00001xo\Documents\GitHub\try2\OpenGL3DBase2\openGL3DBase\Particle.h(864,1): warning C4244:         [
D:\Users\MDS00001xo\Documents\GitHub\try2\OpenGL3DBase2\openGL3DBase\Particle.h(864,1): warning C4244:             T=float
D:\Users\MDS00001xo\Documents\GitHub\try2\OpenGL3DBase2\openGL3DBase\Particle.h(864,1): warning C4244:         ]
D:\Users\MDS00001xo\Documents\GitHub\try2\OpenGL3DBase2\openGL3DBase\Terrain.h(12,26): warning C4305: 'initializing': truncation from 'double' to 'float'
D:\Users\MDS00001xo\Documents\GitHub\try2\OpenGL3DBase2\openGL3DBase\Terrain.cpp(227,56): warning C4244: '+=': conversion from 'double' to 'T', possible loss of data
D:\Users\MDS00001xo\Documents\GitHub\try2\OpenGL3DBase2\openGL3DBase\Terrain.cpp(227,56): warning C4244:         with
D:\Users\MDS00001xo\Documents\GitHub\try2\OpenGL3DBase2\openGL3DBase\Terrain.cpp(227,56): warning C4244:         [
D:\Users\MDS00001xo\Documents\GitHub\try2\OpenGL3DBase2\openGL3DBase\Terrain.cpp(227,56): warning C4244:             T=float
D:\Users\MDS00001xo\Documents\GitHub\try2\OpenGL3DBase2\openGL3DBase\Terrain.cpp(227,56): warning C4244:         ]
D:\Users\MDS00001xo\Documents\GitHub\try2\OpenGL3DBase2\openGL3DBase\Terrain.cpp(229,62): warning C4244: '+=': conversion from 'double' to 'T', possible loss of data
D:\Users\MDS00001xo\Documents\GitHub\try2\OpenGL3DBase2\openGL3DBase\Terrain.cpp(229,62): warning C4244:         with
D:\Users\MDS00001xo\Documents\GitHub\try2\OpenGL3DBase2\openGL3DBase\Terrain.cpp(229,62): warning C4244:         [
D:\Users\MDS00001xo\Documents\GitHub\try2\OpenGL3DBase2\openGL3DBase\Terrain.cpp(229,62): warning C4244:             T=float
D:\Users\MDS00001xo\Documents\GitHub\try2\OpenGL3DBase2\openGL3DBase\Terrain.cpp(229,62): warning C4244:         ]
D:\Users\MDS00001xo\Documents\GitHub\try2\OpenGL3DBase2\openGL3DBase\Terrain.cpp(233,61): warning C4244: '+=': conversion from 'double' to 'T', possible loss of data
D:\Users\MDS00001xo\Documents\GitHub\try2\OpenGL3DBase2\openGL3DBase\Terrain.cpp(233,61): warning C4244:         with
D:\Users\MDS00001xo\Documents\GitHub\try2\OpenGL3DBase2\openGL3DBase\Terrain.cpp(233,61): warning C4244:         [
D:\Users\MDS00001xo\Documents\GitHub\try2\OpenGL3DBase2\openGL3DBase\Terrain.cpp(233,61): warning C4244:             T=float
D:\Users\MDS00001xo\Documents\GitHub\try2\OpenGL3DBase2\openGL3DBase\Terrain.cpp(233,61): warning C4244:         ]
D:\Users\MDS00001xo\Documents\GitHub\try2\OpenGL3DBase2\openGL3DBase\Terrain.cpp(236,63): warning C4244: '+=': conversion from 'double' to 'T', possible loss of data
D:\Users\MDS00001xo\Documents\GitHub\try2\OpenGL3DBase2\openGL3DBase\Terrain.cpp(236,63): warning C4244:         with
D:\Users\MDS00001xo\Documents\GitHub\try2\OpenGL3DBase2\openGL3DBase\Terrain.cpp(236,63): warning C4244:         [
D:\Users\MDS00001xo\Documents\GitHub\try2\OpenGL3DBase2\openGL3DBase\Terrain.cpp(236,63): warning C4244:             T=float
D:\Users\MDS00001xo\Documents\GitHub\try2\OpenGL3DBase2\openGL3DBase\Terrain.cpp(236,63): warning C4244:         ]
D:\Users\MDS00001xo\Documents\GitHub\try2\OpenGL3DBase2\openGL3DBase\Terrain.cpp(240,64): warning C4244: '+=': conversion from 'double' to 'T', possible loss of data
D:\Users\MDS00001xo\Documents\GitHub\try2\OpenGL3DBase2\openGL3DBase\Terrain.cpp(240,64): warning C4244:         with
D:\Users\MDS00001xo\Documents\GitHub\try2\OpenGL3DBase2\openGL3DBase\Terrain.cpp(240,64): warning C4244:         [
D:\Users\MDS00001xo\Documents\GitHub\try2\OpenGL3DBase2\openGL3DBase\Terrain.cpp(240,64): warning C4244:             T=float
D:\Users\MDS00001xo\Documents\GitHub\try2\OpenGL3DBase2\openGL3DBase\Terrain.cpp(240,64): warning C4244:         ]
D:\Users\MDS00001xo\Documents\GitHub\try2\OpenGL3DBase2\openGL3DBase\Terrain.cpp(251,56): warning C4244: '-=': conversion from 'double' to 'T', possible loss of data
D:\Users\MDS00001xo\Documents\GitHub\try2\OpenGL3DBase2\openGL3DBase\Terrain.cpp(251,56): warning C4244:         with
D:\Users\MDS00001xo\Documents\GitHub\try2\OpenGL3DBase2\openGL3DBase\Terrain.cpp(251,56): warning C4244:         [
D:\Users\MDS00001xo\Documents\GitHub\try2\OpenGL3DBase2\openGL3DBase\Terrain.cpp(251,56): warning C4244:             T=float
D:\Users\MDS00001xo\Documents\GitHub\try2\OpenGL3DBase2\openGL3DBase\Terrain.cpp(251,56): warning C4244:         ]
D:\Users\MDS00001xo\Documents\GitHub\try2\OpenGL3DBase2\openGL3DBase\Terrain.cpp(253,62): warning C4244: '-=': conversion from 'double' to 'T', possible loss of data
D:\Users\MDS00001xo\Documents\GitHub\try2\OpenGL3DBase2\openGL3DBase\Terrain.cpp(253,62): warning C4244:         with
D:\Users\MDS00001xo\Documents\GitHub\try2\OpenGL3DBase2\openGL3DBase\Terrain.cpp(253,62): warning C4244:         [
D:\Users\MDS00001xo\Documents\GitHub\try2\OpenGL3DBase2\openGL3DBase\Terrain.cpp(253,62): warning C4244:             T=float
D:\Users\MDS00001xo\Documents\GitHub\try2\OpenGL3DBase2\openGL3DBase\Terrain.cpp(253,62): warning C4244:         ]
D:\Users\MDS00001xo\Documents\GitHub\try2\OpenGL3DBase2\openGL3DBase\Terrain.cpp(257,61): warning C4244: '-=': conversion from 'double' to 'T', possible loss of data
D:\Users\MDS00001xo\Documents\GitHub\try2\OpenGL3DBase2\openGL3DBase\Terrain.cpp(257,61): warning C4244:         with
D:\Users\MDS00001xo\Documents\GitHub\try2\OpenGL3DBase2\openGL3DBase\Terrain.cpp(257,61): warning C4244:         [
D:\Users\MDS00001xo\Documents\GitHub\try2\OpenGL3DBase2\openGL3DBase\Terrain.cpp(257,61): warning C4244:             T=float
D:\Users\MDS00001xo\Documents\GitHub\try2\OpenGL3DBase2\openGL3DBase\Terrain.cpp(257,61): warning C4244:         ]
D:\Users\MDS00001xo\Documents\GitHub\try2\OpenGL3DBase2\openGL3DBase\Terrain.cpp(260,63): warning C4244: '-=': conversion from 'double' to 'T', possible loss of data
D:\Users\MDS00001xo\Documents\GitHub\try2\OpenGL3DBase2\openGL3DBase\Terrain.cpp(260,63): warning C4244:         with
D:\Users\MDS00001xo\Documents\GitHub\try2\OpenGL3DBase2\openGL3DBase\Terrain.cpp(260,63): warning C4244:         [
D:\Users\MDS00001xo\Documents\GitHub\try2\OpenGL3DBase2\openGL3DBase\Terrain.cpp(260,63): warning C4244:             T=float
D:\Users\MDS00001xo\Documents\GitHub\try2\OpenGL3DBase2\openGL3DBase\Terrain.cpp(260,63): warning C4244:         ]
D:\Users\MDS00001xo\Documents\GitHub\try2\OpenGL3DBase2\openGL3DBase\Terrain.cpp(264,64): warning C4244: '-=': conversion from 'double' to 'T', possible loss of data
D:\Users\MDS00001xo\Documents\GitHub\try2\OpenGL3DBase2\openGL3DBase\Terrain.cpp(264,64): warning C4244:         with
D:\Users\MDS00001xo\Documents\GitHub\try2\OpenGL3DBase2\openGL3DBase\Terrain.cpp(264,64): warning C4244:         [
D:\Users\MDS00001xo\Documents\GitHub\try2\OpenGL3DBase2\openGL3DBase\Terrain.cpp(264,64): warning C4244:             T=float
D:\Users\MDS00001xo\Documents\GitHub\try2\OpenGL3DBase2\openGL3DBase\Terrain.cpp(264,64): warning C4244:         ]
D:\Users\MDS00001xo\Documents\GitHub\try2\OpenGL3DBase2\openGL3DBase\Terrain.cpp(274,56): warning C4244: '-=': conversion from 'double' to 'T', possible loss of data
D:\Users\MDS00001xo\Documents\GitHub\try2\OpenGL3DBase2\openGL3DBase\Terrain.cpp(274,56): warning C4244:         with
D:\Users\MDS00001xo\Documents\GitHub\try2\OpenGL3DBase2\openGL3DBase\Terrain.cpp(274,56): warning C4244:         [
D:\Users\MDS00001xo\Documents\GitHub\try2\OpenGL3DBase2\openGL3DBase\Terrain.cpp(274,56): warning C4244:             T=float
D:\Users\MDS00001xo\Documents\GitHub\try2\OpenGL3DBase2\openGL3DBase\Terrain.cpp(274,56): warning C4244:         ]
D:\Users\MDS00001xo\Documents\GitHub\try2\OpenGL3DBase2\openGL3DBase\Terrain.cpp(276,62): warning C4244: '-=': conversion from 'double' to 'T', possible loss of data
D:\Users\MDS00001xo\Documents\GitHub\try2\OpenGL3DBase2\openGL3DBase\Terrain.cpp(276,62): warning C4244:         with
D:\Users\MDS00001xo\Documents\GitHub\try2\OpenGL3DBase2\openGL3DBase\Terrain.cpp(276,62): warning C4244:         [
D:\Users\MDS00001xo\Documents\GitHub\try2\OpenGL3DBase2\openGL3DBase\Terrain.cpp(276,62): warning C4244:             T=float
D:\Users\MDS00001xo\Documents\GitHub\try2\OpenGL3DBase2\openGL3DBase\Terrain.cpp(276,62): warning C4244:         ]
D:\Users\MDS00001xo\Documents\GitHub\try2\OpenGL3DBase2\openGL3DBase\Terrain.cpp(280,61): warning C4244: '-=': conversion from 'double' to 'T', possible loss of data
D:\Users\MDS00001xo\Documents\GitHub\try2\OpenGL3DBase2\openGL3DBase\Terrain.cpp(280,61): warning C4244:         with
D:\Users\MDS00001xo\Documents\GitHub\try2\OpenGL3DBase2\openGL3DBase\Terrain.cpp(280,61): warning C4244:         [
D:\Users\MDS00001xo\Documents\GitHub\try2\OpenGL3DBase2\openGL3DBase\Terrain.cpp(280,61): warning C4244:             T=float
D:\Users\MDS00001xo\Documents\GitHub\try2\OpenGL3DBase2\openGL3DBase\Terrain.cpp(280,61): warning C4244:         ]
D:\Users\MDS00001xo\Documents\GitHub\try2\OpenGL3DBase2\openGL3DBase\Terrain.cpp(283,63): warning C4244: '-=': conversion from 'double' to 'T', possible loss of data
D:\Users\MDS00001xo\Documents\GitHub\try2\OpenGL3DBase2\openGL3DBase\Terrain.cpp(283,63): warning C4244:         with
D:\Users\MDS00001xo\Documents\GitHub\try2\OpenGL3DBase2\openGL3DBase\Terrain.cpp(283,63): warning C4244:         [
D:\Users\MDS00001xo\Documents\GitHub\try2\OpenGL3DBase2\openGL3DBase\Terrain.cpp(283,63): warning C4244:             T=float
D:\Users\MDS00001xo\Documents\GitHub\try2\OpenGL3DBase2\openGL3DBase\Terrain.cpp(283,63): warning C4244:         ]
D:\Users\MDS00001xo\Documents\GitHub\try2\OpenGL3DBase2\openGL3DBase\Terrain.cpp(287,64): warning C4244: '-=': conversion from 'double' to 'T', possible loss of data
D:\Users\MDS00001xo\Documents\GitHub\try2\OpenGL3DBase2\openGL3DBase\Terrain.cpp(287,64): warning C4244:         with
D:\Users\MDS00001xo\Documents\GitHub\try2\OpenGL3DBase2\openGL3DBase\Terrain.cpp(287,64): warning C4244:         [
D:\Users\MDS00001xo\Documents\GitHub\try2\OpenGL3DBase2\openGL3DBase\Terrain.cpp(287,64): warning C4244:             T=float
D:\Users\MDS00001xo\Documents\GitHub\try2\OpenGL3DBase2\openGL3DBase\Terrain.cpp(287,64): warning C4244:         ]
D:\Users\MDS00001xo\Documents\GitHub\try2\OpenGL3DBase2\openGL3DBase\Terrain.cpp(297,56): warning C4244: '+=': conversion from 'double' to 'T', possible loss of data
D:\Users\MDS00001xo\Documents\GitHub\try2\OpenGL3DBase2\openGL3DBase\Terrain.cpp(297,56): warning C4244:         with
D:\Users\MDS00001xo\Documents\GitHub\try2\OpenGL3DBase2\openGL3DBase\Terrain.cpp(297,56): warning C4244:         [
D:\Users\MDS00001xo\Documents\GitHub\try2\OpenGL3DBase2\openGL3DBase\Terrain.cpp(297,56): warning C4244:             T=float
D:\Users\MDS00001xo\Documents\GitHub\try2\OpenGL3DBase2\openGL3DBase\Terrain.cpp(297,56): warning C4244:         ]
D:\Users\MDS00001xo\Documents\GitHub\try2\OpenGL3DBase2\openGL3DBase\Terrain.cpp(299,62): warning C4244: '+=': conversion from 'double' to 'T', possible loss of data
D:\Users\MDS00001xo\Documents\GitHub\try2\OpenGL3DBase2\openGL3DBase\Terrain.cpp(299,62): warning C4244:         with
D:\Users\MDS00001xo\Documents\GitHub\try2\OpenGL3DBase2\openGL3DBase\Terrain.cpp(299,62): warning C4244:         [
D:\Users\MDS00001xo\Documents\GitHub\try2\OpenGL3DBase2\openGL3DBase\Terrain.cpp(299,62): warning C4244:             T=float
D:\Users\MDS00001xo\Documents\GitHub\try2\OpenGL3DBase2\openGL3DBase\Terrain.cpp(299,62): warning C4244:         ]
D:\Users\MDS00001xo\Documents\GitHub\try2\OpenGL3DBase2\openGL3DBase\Terrain.cpp(303,61): warning C4244: '+=': conversion from 'double' to 'T', possible loss of data
D:\Users\MDS00001xo\Documents\GitHub\try2\OpenGL3DBase2\openGL3DBase\Terrain.cpp(303,61): warning C4244:         with
D:\Users\MDS00001xo\Documents\GitHub\try2\OpenGL3DBase2\openGL3DBase\Terrain.cpp(303,61): warning C4244:         [
D:\Users\MDS00001xo\Documents\GitHub\try2\OpenGL3DBase2\openGL3DBase\Terrain.cpp(303,61): warning C4244:             T=float
D:\Users\MDS00001xo\Documents\GitHub\try2\OpenGL3DBase2\openGL3DBase\Terrain.cpp(303,61): warning C4244:         ]
D:\Users\MDS00001xo\Documents\GitHub\try2\OpenGL3DBase2\openGL3DBase\Terrain.cpp(306,63): warning C4244: '+=': conversion from 'double' to 'T', possible loss of data
D:\Users\MDS00001xo\Documents\GitHub\try2\OpenGL3DBase2\openGL3DBase\Terrain.cpp(306,63): warning C4244:         with
D:\Users\MDS00001xo\Documents\GitHub\try2\OpenGL3DBase2\openGL3DBase\Terrain.cpp(306,63): warning C4244:         [
D:\Users\MDS00001xo\Documents\GitHub\try2\OpenGL3DBase2\openGL3DBase\Terrain.cpp(306,63): warning C4244:             T=float
D:\Users\MDS00001xo\Documents\GitHub\try2\OpenGL3DBase2\openGL3DBase\Terrain.cpp(306,63): warning C4244:         ]
D:\Users\MDS00001xo\Documents\GitHub\try2\OpenGL3DBase2\openGL3DBase\Terrain.cpp(310,64): warning C4244: '+=': conversion from 'double' to 'T', possible loss of data
D:\Users\MDS00001xo\Documents\GitHub\try2\OpenGL3DBase2\openGL3DBase\Terrain.cpp(310,64): warning C4244:         with
D:\Users\MDS00001xo\Documents\GitHub\try2\OpenGL3DBase2\openGL3DBase\Terrain.cpp(310,64): warning C4244:         [
D:\Users\MDS00001xo\Documents\GitHub\try2\OpenGL3DBase2\openGL3DBase\Terrain.cpp(310,64): warning C4244:             T=float
D:\Users\MDS00001xo\Documents\GitHub\try2\OpenGL3DBase2\openGL3DBase\Terrain.cpp(310,64): warning C4244:         ]
D:\Users\MDS00001xo\Documents\GitHub\try2\OpenGL3DBase2\openGL3DBase\Terrain.cpp(320,56): warning C4244: '+=': conversion from 'double' to 'T', possible loss of data
D:\Users\MDS00001xo\Documents\GitHub\try2\OpenGL3DBase2\openGL3DBase\Terrain.cpp(320,56): warning C4244:         with
D:\Users\MDS00001xo\Documents\GitHub\try2\OpenGL3DBase2\openGL3DBase\Terrain.cpp(320,56): warning C4244:         [
D:\Users\MDS00001xo\Documents\GitHub\try2\OpenGL3DBase2\openGL3DBase\Terrain.cpp(320,56): warning C4244:             T=float
D:\Users\MDS00001xo\Documents\GitHub\try2\OpenGL3DBase2\openGL3DBase\Terrain.cpp(320,56): warning C4244:         ]
D:\Users\MDS00001xo\Documents\GitHub\try2\OpenGL3DBase2\openGL3DBase\Terrain.cpp(322,62): warning C4244: '+=': conversion from 'double' to 'T', possible loss of data
D:\Users\MDS00001xo\Documents\GitHub\try2\OpenGL3DBase2\openGL3DBase\Terrain.cpp(322,62): warning C4244:         with
D:\Users\MDS00001xo\Documents\GitHub\try2\OpenGL3DBase2\openGL3DBase\Terrain.cpp(322,62): warning C4244:         [
D:\Users\MDS00001xo\Documents\GitHub\try2\OpenGL3DBase2\openGL3DBase\Terrain.cpp(322,62): warning C4244:             T=float
D:\Users\MDS00001xo\Documents\GitHub\try2\OpenGL3DBase2\openGL3DBase\Terrain.cpp(322,62): warning C4244:         ]
D:\Users\MDS00001xo\Documents\GitHub\try2\OpenGL3DBase2\openGL3DBase\Terrain.cpp(326,61): warning C4244: '+=': conversion from 'double' to 'T', possible loss of data
D:\Users\MDS00001xo\Documents\GitHub\try2\OpenGL3DBase2\openGL3DBase\Terrain.cpp(326,61): warning C4244:         with
D:\Users\MDS00001xo\Documents\GitHub\try2\OpenGL3DBase2\openGL3DBase\Terrain.cpp(326,61): warning C4244:         [
D:\Users\MDS00001xo\Documents\GitHub\try2\OpenGL3DBase2\openGL3DBase\Terrain.cpp(326,61): warning C4244:             T=float
D:\Users\MDS00001xo\Documents\GitHub\try2\OpenGL3DBase2\openGL3DBase\Terrain.cpp(326,61): warning C4244:         ]
D:\Users\MDS00001xo\Documents\GitHub\try2\OpenGL3DBase2\openGL3DBase\Terrain.cpp(329,63): warning C4244: '+=': conversion from 'double' to 'T', possible loss of data
D:\Users\MDS00001xo\Documents\GitHub\try2\OpenGL3DBase2\openGL3DBase\Terrain.cpp(329,63): warning C4244:         with
D:\Users\MDS00001xo\Documents\GitHub\try2\OpenGL3DBase2\openGL3DBase\Terrain.cpp(329,63): warning C4244:         [
D:\Users\MDS00001xo\Documents\GitHub\try2\OpenGL3DBase2\openGL3DBase\Terrain.cpp(329,63): warning C4244:             T=float
D:\Users\MDS00001xo\Documents\GitHub\try2\OpenGL3DBase2\openGL3DBase\Terrain.cpp(329,63): warning C4244:         ]
D:\Users\MDS00001xo\Documents\GitHub\try2\OpenGL3DBase2\openGL3DBase\Terrain.cpp(333,64): warning C4244: '+=': conversion from 'double' to 'T', possible loss of data
D:\Users\MDS00001xo\Documents\GitHub\try2\OpenGL3DBase2\openGL3DBase\Terrain.cpp(333,64): warning C4244:         with
D:\Users\MDS00001xo\Documents\GitHub\try2\OpenGL3DBase2\openGL3DBase\Terrain.cpp(333,64): warning C4244:         [
D:\Users\MDS00001xo\Documents\GitHub\try2\OpenGL3DBase2\openGL3DBase\Terrain.cpp(333,64): warning C4244:             T=float
D:\Users\MDS00001xo\Documents\GitHub\try2\OpenGL3DBase2\openGL3DBase\Terrain.cpp(333,64): warning C4244:         ]
D:\Users\MDS00001xo\Documents\GitHub\try2\OpenGL3DBase2\openGL3DBase\Terrain.cpp(343,56): warning C4244: '-=': conversion from 'double' to 'T', possible loss of data
D:\Users\MDS00001xo\Documents\GitHub\try2\OpenGL3DBase2\openGL3DBase\Terrain.cpp(343,56): warning C4244:         with
D:\Users\MDS00001xo\Documents\GitHub\try2\OpenGL3DBase2\openGL3DBase\Terrain.cpp(343,56): warning C4244:         [
D:\Users\MDS00001xo\Documents\GitHub\try2\OpenGL3DBase2\openGL3DBase\Terrain.cpp(343,56): warning C4244:             T=float
D:\Users\MDS00001xo\Documents\GitHub\try2\OpenGL3DBase2\openGL3DBase\Terrain.cpp(343,56): warning C4244:         ]
D:\Users\MDS00001xo\Documents\GitHub\try2\OpenGL3DBase2\openGL3DBase\Terrain.cpp(345,62): warning C4244: '-=': conversion from 'double' to 'T', possible loss of data
D:\Users\MDS00001xo\Documents\GitHub\try2\OpenGL3DBase2\openGL3DBase\Terrain.cpp(345,62): warning C4244:         with
D:\Users\MDS00001xo\Documents\GitHub\try2\OpenGL3DBase2\openGL3DBase\Terrain.cpp(345,62): warning C4244:         [
D:\Users\MDS00001xo\Documents\GitHub\try2\OpenGL3DBase2\openGL3DBase\Terrain.cpp(345,62): warning C4244:             T=float
D:\Users\MDS00001xo\Documents\GitHub\try2\OpenGL3DBase2\openGL3DBase\Terrain.cpp(345,62): warning C4244:         ]
D:\Users\MDS00001xo\Documents\GitHub\try2\OpenGL3DBase2\openGL3DBase\Terrain.cpp(349,61): warning C4244: '-=': conversion from 'double' to 'T', possible loss of data
D:\Users\MDS00001xo\Documents\GitHub\try2\OpenGL3DBase2\openGL3DBase\Terrain.cpp(349,61): warning C4244:         with
D:\Users\MDS00001xo\Documents\GitHub\try2\OpenGL3DBase2\openGL3DBase\Terrain.cpp(349,61): warning C4244:         [
D:\Users\MDS00001xo\Documents\GitHub\try2\OpenGL3DBase2\openGL3DBase\Terrain.cpp(349,61): warning C4244:             T=float
D:\Users\MDS00001xo\Documents\GitHub\try2\OpenGL3DBase2\openGL3DBase\Terrain.cpp(349,61): warning C4244:         ]
D:\Users\MDS00001xo\Documents\GitHub\try2\OpenGL3DBase2\openGL3DBase\Terrain.cpp(352,63): warning C4244: '-=': conversion from 'double' to 'T', possible loss of data
D:\Users\MDS00001xo\Documents\GitHub\try2\OpenGL3DBase2\openGL3DBase\Terrain.cpp(352,63): warning C4244:         with
D:\Users\MDS00001xo\Documents\GitHub\try2\OpenGL3DBase2\openGL3DBase\Terrain.cpp(352,63): warning C4244:         [
D:\Users\MDS00001xo\Documents\GitHub\try2\OpenGL3DBase2\openGL3DBase\Terrain.cpp(352,63): warning C4244:             T=float
D:\Users\MDS00001xo\Documents\GitHub\try2\OpenGL3DBase2\openGL3DBase\Terrain.cpp(352,63): warning C4244:         ]
D:\Users\MDS00001xo\Documents\GitHub\try2\OpenGL3DBase2\openGL3DBase\Terrain.cpp(356,64): warning C4244: '-=': conversion from 'double' to 'T', possible loss of data
D:\Users\MDS00001xo\Documents\GitHub\try2\OpenGL3DBase2\openGL3DBase\Terrain.cpp(356,64): warning C4244:         with
D:\Users\MDS00001xo\Documents\GitHub\try2\OpenGL3DBase2\openGL3DBase\Terrain.cpp(356,64): warning C4244:         [
D:\Users\MDS00001xo\Documents\GitHub\try2\OpenGL3DBase2\openGL3DBase\Terrain.cpp(356,64): warning C4244:             T=float
D:\Users\MDS00001xo\Documents\GitHub\try2\OpenGL3DBase2\openGL3DBase\Terrain.cpp(356,64): warning C4244:         ]
D:\Users\MDS00001xo\Documents\GitHub\try2\OpenGL3DBase2\openGL3DBase\Terrain.cpp(523,18): warning C4305: 'initializing': truncation from 'double' to 'float'
  Generating code
  1 of 1313 functions (<0.1%) were compiled, the rest were copied from previous compilation.
    0 functions were new in current compilation
    10 functions had inline decision re-evaluated but remain unchanged
  Finished generating code
  openGL3DBase.vcxproj -> D:\Users\MDS00001xo\Documents\GitHub\try2\OpenGL3DBase2\Release\openGL3DBase.exe
