d:\users\mds00001xo\documents\github\try2\opengl3dbase2\opengl3dbase\debug\vc142.pdb
d:\users\mds00001xo\documents\github\try2\opengl3dbase2\opengl3dbase\debug\vc142.idb
d:\users\mds00001xo\documents\github\try2\opengl3dbase2\opengl3dbase\debug\vertexbufferobject.obj
d:\users\mds00001xo\documents\github\try2\opengl3dbase2\opengl3dbase\debug\uniform.obj
d:\users\mds00001xo\documents\github\try2\opengl3dbase2\opengl3dbase\debug\texture.obj
d:\users\mds00001xo\documents\github\try2\opengl3dbase2\opengl3dbase\debug\terrain.obj
d:\users\mds00001xo\documents\github\try2\opengl3dbase2\opengl3dbase\debug\source.obj
d:\users\mds00001xo\documents\github\try2\opengl3dbase2\opengl3dbase\debug\shaderprogram.obj
d:\users\mds00001xo\documents\github\try2\opengl3dbase2\opengl3dbase\debug\shader.obj
d:\users\mds00001xo\documents\github\try2\opengl3dbase2\opengl3dbase\debug\sampler.obj
d:\users\mds00001xo\documents\github\try2\opengl3dbase2\opengl3dbase\debug\particle.obj
d:\users\mds00001xo\documents\github\try2\opengl3dbase2\opengl3dbase\debug\openglwindow.obj
d:\users\mds00001xo\documents\github\try2\opengl3dbase2\opengl3dbase\debug\object3d.obj
d:\users\mds00001xo\documents\github\try2\opengl3dbase2\opengl3dbase\debug\object.obj
d:\users\mds00001xo\documents\github\try2\opengl3dbase2\opengl3dbase\debug\camera.obj
d:\users\mds00001xo\documents\github\try2\opengl3dbase2\debug\opengl3dbase.exe
d:\users\mds00001xo\documents\github\try2\opengl3dbase2\debug\opengl3dbase.ilk
d:\users\mds00001xo\documents\github\try2\opengl3dbase2\debug\opengl3dbase.pdb
d:\users\mds00001xo\documents\github\try2\opengl3dbase2\opengl3dbase\debug\quad.obj
d:\users\mds00001xo\documents\github\try2\opengl3dbase2\opengl3dbase\debug\camera.obj.enc
d:\users\mds00001xo\documents\github\try2\opengl3dbase2\opengl3dbase\debug\object.obj.enc
d:\users\mds00001xo\documents\github\try2\opengl3dbase2\opengl3dbase\debug\openglwindow.obj.enc
d:\users\mds00001xo\documents\github\try2\opengl3dbase2\opengl3dbase\debug\particle.obj.enc
d:\users\mds00001xo\documents\github\try2\opengl3dbase2\opengl3dbase\debug\source.obj.enc
d:\users\mds00001xo\documents\github\try2\opengl3dbase2\opengl3dbase\debug\terrain.new.obj.enc
d:\users\mds00001xo\documents\github\try2\opengl3dbase2\opengl3dbase\debug\opengl3dbase.tlog\cl.command.1.tlog
d:\users\mds00001xo\documents\github\try2\opengl3dbase2\opengl3dbase\debug\opengl3dbase.tlog\cl.read.1.tlog
d:\users\mds00001xo\documents\github\try2\opengl3dbase2\opengl3dbase\debug\opengl3dbase.tlog\cl.write.1.tlog
d:\users\mds00001xo\documents\github\try2\opengl3dbase2\opengl3dbase\debug\opengl3dbase.tlog\link.command.1.tlog
d:\users\mds00001xo\documents\github\try2\opengl3dbase2\opengl3dbase\debug\opengl3dbase.tlog\link.read.1.tlog
d:\users\mds00001xo\documents\github\try2\opengl3dbase2\opengl3dbase\debug\opengl3dbase.tlog\link.write.1.tlog
